<?xml version="1.0" encoding="UTF-8"?>
<robot generator="Robot 7.0 (Python 3.11.5 on win32)" generated="2024-06-01T19:45:37.385618" rpa="false" schemaversion="5">
<suite id="s1" name="Login Tests" source="D:\Workspace\Phong\Ari\tester\test_case\login_tests">
<suite id="s1-s1" name="Gherkin Login" source="D:\Workspace\Phong\Ari\tester\test_case\login_tests\gherkin_login.robot">
<test id="s1-s1-t1" name="Valid Login" line="10">
<kw name="Given browser is opened to login page">
<kw name="Open Browser To Login Page" owner="resource">
<kw name="Open Browser" owner="SeleniumLibrary">
<msg time="2024-06-01T19:45:37.569798" level="INFO">Opening browser 'Firefox' to base url 'http://localhost:7272/'.</msg>
<msg time="2024-06-01T19:45:37.575363" level="INFO">Cannot capture screenshot because no browser is open.</msg>
<msg time="2024-06-01T19:45:37.575363" level="FAIL">NoSuchDriverException: Message: Unable to obtain driver for firefox; For documentation on this error, please visit: https://www.selenium.dev/documentation/webdriver/troubleshooting/errors/driver_location
</msg>
<arg>${LOGIN URL}</arg>
<arg>${BROWSER}</arg>
<arg>executable_path=${FIREFOX DRIVER}</arg>
<arg>options=add_argument("--headless --no-sandbox --disable-dev-shm-usage --allow-downgrade")</arg>
<doc>Opens a new browser instance to the optional ``url``.</doc>
<status status="FAIL" start="2024-06-01T19:45:37.569262" elapsed="0.007670">NoSuchDriverException: Message: Unable to obtain driver for firefox; For documentation on this error, please visit: https://www.selenium.dev/documentation/webdriver/troubleshooting/errors/driver_location
</status>
</kw>
<kw name="Maximize Browser Window" owner="SeleniumLibrary">
<doc>Maximizes current browser window.</doc>
<status status="NOT RUN" start="2024-06-01T19:45:37.576932" elapsed="0.000000"/>
</kw>
<kw name="Set Selenium Speed" owner="SeleniumLibrary">
<arg>${DELAY}</arg>
<doc>Sets the delay that is waited after each Selenium command.</doc>
<status status="NOT RUN" start="2024-06-01T19:45:37.577936" elapsed="0.000000"/>
</kw>
<kw name="Login Page Should Be Open" owner="resource">
<status status="NOT RUN" start="2024-06-01T19:45:37.577936" elapsed="0.000000"/>
</kw>
<status status="FAIL" start="2024-06-01T19:45:37.569262" elapsed="0.008674">NoSuchDriverException: Message: Unable to obtain driver for firefox; For documentation on this error, please visit: https://www.selenium.dev/documentation/webdriver/troubleshooting/errors/driver_location
</status>
</kw>
<status status="FAIL" start="2024-06-01T19:45:37.568150" elapsed="0.009786">NoSuchDriverException: Message: Unable to obtain driver for firefox; For documentation on this error, please visit: https://www.selenium.dev/documentation/webdriver/troubleshooting/errors/driver_location
</status>
</kw>
<kw name="When user &quot;demo&quot; logs in with password &quot;mode&quot;" source_name="User &quot;${username}&quot; logs in with password &quot;${password}&quot;">
<status status="NOT RUN" start="2024-06-01T19:45:37.577936" elapsed="0.000000"/>
</kw>
<kw name="Then welcome page should be open" owner="resource">
<status status="NOT RUN" start="2024-06-01T19:45:37.578929" elapsed="0.000000"/>
</kw>
<kw name="Close Browser" owner="SeleniumLibrary" type="TEARDOWN">
<doc>Closes the current browser.</doc>
<status status="PASS" start="2024-06-01T19:45:37.579930" elapsed="0.000000"/>
</kw>
<doc>This test case demonstrates a valid login.
test cases T3 T7</doc>
<status status="FAIL" start="2024-06-01T19:45:37.567460" elapsed="0.012970">NoSuchDriverException: Message: Unable to obtain driver for firefox; For documentation on this error, please visit: https://www.selenium.dev/documentation/webdriver/troubleshooting/errors/driver_location
</status>
</test>
<doc>A test suite with a single Gherkin style test.

This test is functionally identical to the example in
valid_login.robot file.</doc>
<status status="FAIL" start="2024-06-01T19:45:37.409244" elapsed="0.172254"/>
</suite>
<suite id="s1-s2" name="Invalid Login" source="D:\Workspace\Phong\Ari\tester\test_case\login_tests\invalid_login.robot">
<kw name="Open Browser To Login Page" owner="resource" type="SETUP">
<kw name="Open Browser" owner="SeleniumLibrary">
<msg time="2024-06-01T19:45:37.587512" level="INFO">Opening browser 'Firefox' to base url 'http://localhost:7272/'.</msg>
<msg time="2024-06-01T19:45:37.589490" level="INFO">Cannot capture screenshot because no browser is open.</msg>
<msg time="2024-06-01T19:45:37.589490" level="FAIL">NoSuchDriverException: Message: Unable to obtain driver for firefox; For documentation on this error, please visit: https://www.selenium.dev/documentation/webdriver/troubleshooting/errors/driver_location
</msg>
<arg>${LOGIN URL}</arg>
<arg>${BROWSER}</arg>
<arg>executable_path=${FIREFOX DRIVER}</arg>
<arg>options=add_argument("--headless --no-sandbox --disable-dev-shm-usage --allow-downgrade")</arg>
<doc>Opens a new browser instance to the optional ``url``.</doc>
<status status="FAIL" start="2024-06-01T19:45:37.587512" elapsed="0.003000">NoSuchDriverException: Message: Unable to obtain driver for firefox; For documentation on this error, please visit: https://www.selenium.dev/documentation/webdriver/troubleshooting/errors/driver_location
</status>
</kw>
<kw name="Maximize Browser Window" owner="SeleniumLibrary">
<doc>Maximizes current browser window.</doc>
<status status="NOT RUN" start="2024-06-01T19:45:37.590512" elapsed="0.000000"/>
</kw>
<kw name="Set Selenium Speed" owner="SeleniumLibrary">
<arg>${DELAY}</arg>
<doc>Sets the delay that is waited after each Selenium command.</doc>
<status status="NOT RUN" start="2024-06-01T19:45:37.590512" elapsed="0.000000"/>
</kw>
<kw name="Login Page Should Be Open" owner="resource">
<status status="NOT RUN" start="2024-06-01T19:45:37.590512" elapsed="0.000000"/>
</kw>
<status status="FAIL" start="2024-06-01T19:45:37.586517" elapsed="0.003995">NoSuchDriverException: Message: Unable to obtain driver for firefox; For documentation on this error, please visit: https://www.selenium.dev/documentation/webdriver/troubleshooting/errors/driver_location
</status>
</kw>
<test id="s1-s2-t1" name="Invalid Username" line="17">
<status status="FAIL" start="2024-06-01T19:45:37.590512" elapsed="0.000000">Parent suite setup failed:
NoSuchDriverException: Message: Unable to obtain driver for firefox; For documentation on this error, please visit: https://www.selenium.dev/documentation/webdriver/troubleshooting/errors/driver_location
</status>
</test>
<test id="s1-s2-t2" name="Invalid Password" line="18">
<status status="FAIL" start="2024-06-01T19:45:37.591926" elapsed="0.000949">Parent suite setup failed:
NoSuchDriverException: Message: Unable to obtain driver for firefox; For documentation on this error, please visit: https://www.selenium.dev/documentation/webdriver/troubleshooting/errors/driver_location
</status>
</test>
<test id="s1-s2-t3" name="Invalid Username And Password" line="19">
<status status="FAIL" start="2024-06-01T19:45:37.592875" elapsed="0.001198">Parent suite setup failed:
NoSuchDriverException: Message: Unable to obtain driver for firefox; For documentation on this error, please visit: https://www.selenium.dev/documentation/webdriver/troubleshooting/errors/driver_location
</status>
</test>
<test id="s1-s2-t4" name="Empty Username" line="20">
<status status="FAIL" start="2024-06-01T19:45:37.595310" elapsed="0.000000">Parent suite setup failed:
NoSuchDriverException: Message: Unable to obtain driver for firefox; For documentation on this error, please visit: https://www.selenium.dev/documentation/webdriver/troubleshooting/errors/driver_location
</status>
</test>
<test id="s1-s2-t5" name="Empty Password" line="21">
<status status="FAIL" start="2024-06-01T19:45:37.596670" elapsed="0.001122">Parent suite setup failed:
NoSuchDriverException: Message: Unable to obtain driver for firefox; For documentation on this error, please visit: https://www.selenium.dev/documentation/webdriver/troubleshooting/errors/driver_location
</status>
</test>
<test id="s1-s2-t6" name="Empty Username And Password" line="22">
<status status="FAIL" start="2024-06-01T19:45:37.598299" elapsed="0.001117">Parent suite setup failed:
NoSuchDriverException: Message: Unable to obtain driver for firefox; For documentation on this error, please visit: https://www.selenium.dev/documentation/webdriver/troubleshooting/errors/driver_location
</status>
</test>
<kw name="Close Browser" owner="SeleniumLibrary" type="TEARDOWN">
<doc>Closes the current browser.</doc>
<status status="PASS" start="2024-06-01T19:45:37.600528" elapsed="0.000000"/>
</kw>
<doc>A test suite containing tests related to invalid login.

These tests are data-driven by their nature. They use a single
keyword, specified with Test Template setting, that is called
with different arguments to cover different scenarios.

This suite also demonstrates using setups and teardowns in
different levels.</doc>
<status status="FAIL" start="2024-06-01T19:45:37.582516" elapsed="0.018012">Suite setup failed:
NoSuchDriverException: Message: Unable to obtain driver for firefox; For documentation on this error, please visit: https://www.selenium.dev/documentation/webdriver/troubleshooting/errors/driver_location
</status>
</suite>
<suite id="s1-s3" name="Valid Login" source="D:\Workspace\Phong\Ari\tester\test_case\login_tests\valid_login.robot">
<test id="s1-s3-t1" name="Valid Login With Resource" line="9">
<kw name="Open Browser To Login Page" owner="resource">
<kw name="Open Browser" owner="SeleniumLibrary">
<msg time="2024-06-01T19:45:37.607122" level="INFO">Opening browser 'Firefox' to base url 'http://localhost:7272/'.</msg>
<msg time="2024-06-01T19:45:37.609316" level="INFO">Cannot capture screenshot because no browser is open.</msg>
<msg time="2024-06-01T19:45:37.609316" level="FAIL">NoSuchDriverException: Message: Unable to obtain driver for firefox; For documentation on this error, please visit: https://www.selenium.dev/documentation/webdriver/troubleshooting/errors/driver_location
</msg>
<arg>${LOGIN URL}</arg>
<arg>${BROWSER}</arg>
<arg>executable_path=${FIREFOX DRIVER}</arg>
<arg>options=add_argument("--headless --no-sandbox --disable-dev-shm-usage --allow-downgrade")</arg>
<doc>Opens a new browser instance to the optional ``url``.</doc>
<status status="FAIL" start="2024-06-01T19:45:37.606613" elapsed="0.003952">NoSuchDriverException: Message: Unable to obtain driver for firefox; For documentation on this error, please visit: https://www.selenium.dev/documentation/webdriver/troubleshooting/errors/driver_location
</status>
</kw>
<kw name="Maximize Browser Window" owner="SeleniumLibrary">
<doc>Maximizes current browser window.</doc>
<status status="NOT RUN" start="2024-06-01T19:45:37.610565" elapsed="0.000000"/>
</kw>
<kw name="Set Selenium Speed" owner="SeleniumLibrary">
<arg>${DELAY}</arg>
<doc>Sets the delay that is waited after each Selenium command.</doc>
<status status="NOT RUN" start="2024-06-01T19:45:37.610565" elapsed="0.000000"/>
</kw>
<kw name="Login Page Should Be Open" owner="resource">
<status status="NOT RUN" start="2024-06-01T19:45:37.610565" elapsed="0.000000"/>
</kw>
<status status="FAIL" start="2024-06-01T19:45:37.605613" elapsed="0.004952">NoSuchDriverException: Message: Unable to obtain driver for firefox; For documentation on this error, please visit: https://www.selenium.dev/documentation/webdriver/troubleshooting/errors/driver_location
</status>
</kw>
<kw name="Input Username" owner="resource">
<arg>demo</arg>
<status status="NOT RUN" start="2024-06-01T19:45:37.610565" elapsed="0.000000"/>
</kw>
<kw name="Input Password" owner="resource">
<arg>mode</arg>
<status status="NOT RUN" start="2024-06-01T19:45:37.611582" elapsed="0.000000"/>
</kw>
<kw name="Submit Credentials" owner="resource">
<status status="NOT RUN" start="2024-06-01T19:45:37.611582" elapsed="0.000000"/>
</kw>
<kw name="Welcome Page Should Be Open" owner="resource">
<status status="NOT RUN" start="2024-06-01T19:45:37.611582" elapsed="0.000000"/>
</kw>
<kw name="Close Browser" owner="SeleniumLibrary" type="TEARDOWN">
<doc>Closes the current browser.</doc>
<status status="PASS" start="2024-06-01T19:45:37.613091" elapsed="0.000000"/>
</kw>
<doc>This test case demonstrates a valid login.
test cases T12 T10</doc>
<status status="FAIL" start="2024-06-01T19:45:37.605613" elapsed="0.007478">NoSuchDriverException: Message: Unable to obtain driver for firefox; For documentation on this error, please visit: https://www.selenium.dev/documentation/webdriver/troubleshooting/errors/driver_location
</status>
</test>
<doc>A test suite with a single test for valid login.

This test has a workflow that is created using keywords in
the imported resource file.</doc>
<status status="FAIL" start="2024-06-01T19:45:37.601033" elapsed="0.013251"/>
</suite>
<status status="FAIL" start="2024-06-01T19:45:37.387616" elapsed="0.227891"/>
</suite>
<statistics>
<total>
<stat pass="0" fail="8" skip="0">All Tests</stat>
</total>
<tag>
</tag>
<suite>
<stat pass="0" fail="8" skip="0" id="s1" name="Login Tests">Login Tests</stat>
<stat pass="0" fail="1" skip="0" id="s1-s1" name="Gherkin Login">Login Tests.Gherkin Login</stat>
<stat pass="0" fail="6" skip="0" id="s1-s2" name="Invalid Login">Login Tests.Invalid Login</stat>
<stat pass="0" fail="1" skip="0" id="s1-s3" name="Valid Login">Login Tests.Valid Login</stat>
</suite>
</statistics>
<errors>
</errors>
</robot>
